<?xml version="1.0" encoding="UTF-8"?>
<!-- Generated by org.testng.reporters.JUnitReportReporter -->
<testsuite skipped="0" hostname="sarunay-VAIO" name="TestNG.verify" tests="1" failures="0" timestamp="16 Jun 2019 01:03:57 GMT" time="39.329" errors="0">
  <testcase name="verifysite" time="39.329" classname="TestNG.verify"/>
</testsuite> <!-- TestNG.verify -->
